# JRE version: Java(TM) SE Runtime Environment (21.0.1+12) (build 21.0.1+12-LTS-29)
# Java VM: Java HotSpot(TM) 64-Bit Server VM (21.0.1+12-LTS-29, mixed mode, sharing, tiered, compressed oops, compressed class ptrs, g1 gc, windows-amd64)
GC Precious Log:
 CardTable entry size: 512
 Card Set container configuration: InlinePtr #cards 5 size 8 Array Of Cards #cards 12 size 40 Howl #buckets 4 coarsen threshold 1843 Howl Bitmap #cards 512 size 80 coarsen threshold 460 Card regions per heap region 1 cards per card region 2048
 CPUs: 4 total, 4 available
 Memory: 3819M
 Large Page Support: Disabled
 NUMA Support: Disabled
 Compressed Oops: Enabled (32-bit)
 Heap Region Size: 1M
 Heap Min Capacity: 8M
 Heap Initial Capacity: 60M
 Heap Max Capacity: 956M
 Pre-touch: Disabled
 Parallel Workers: 4
 Concurrent Workers: 1
 Concurrent Refinement Workers: 4
 Periodic GC: Disabled
Heap:
 garbage-first heap   total 95232K, used 48978K [0x00000000c4400000, 0x0000000100000000)
  region size 1024K, 7 young (7168K), 2 survivors (2048K)
 Metaspace       used 29713K, committed 30208K, reserved 1114112K
  class space    used 3363K, committed 3584K, reserved 1048576K
GC Heap History (20 events):
Event: 2.717 GC heap before
{Heap before GC invocations=2 (full 0):
 garbage-first heap   total 61440K, used 39814K [0x00000000c4400000, 0x0000000100000000)
  region size 1024K, 36 young (36864K), 1 survivors (1024K)
 Metaspace       used 12023K, committed 12224K, reserved 1114112K
  class space    used 1448K, committed 1536K, reserved 1048576K
}
Event: 2.725 GC heap after
{Heap after GC invocations=3 (full 0):
 garbage-first heap   total 61440K, used 6312K [0x00000000c4400000, 0x0000000100000000)
  region size 1024K, 3 young (3072K), 3 survivors (3072K)
 Metaspace       used 12023K, committed 12224K, reserved 1114112K
  class space    used 1448K, committed 1536K, reserved 1048576K
}
Event: 5.291 GC heap before
{Heap before GC invocations=3 (full 0):
 garbage-first heap   total 61440K, used 40104K [0x00000000c4400000, 0x0000000100000000)
  region size 1024K, 36 young (36864K), 3 survivors (3072K)
 Metaspace       used 15685K, committed 15872K, reserved 1114112K
  class space    used 1842K, committed 1920K, reserved 1048576K
}
Event: 5.308 GC heap after
{Heap after GC invocations=4 (full 0):
 garbage-first heap   total 61440K, used 10542K [0x00000000c4400000, 0x0000000100000000)
  region size 1024K, 5 young (5120K), 5 survivors (5120K)
 Metaspace       used 15685K, committed 15872K, reserved 1114112K
  class space    used 1842K, committed 1920K, reserved 1048576K
}
Event: 8.040 GC heap before
{Heap before GC invocations=4 (full 0):
 garbage-first heap   total 61440K, used 42286K [0x00000000c4400000, 0x0000000100000000)
  region size 1024K, 36 young (36864K), 5 survivors (5120K)
 Metaspace       used 16243K, committed 16448K, reserved 1114112K
  class space    used 1877K, committed 1984K, reserved 1048576K
}
Event: 8.058 GC heap after
{Heap after GC invocations=5 (full 0):
 garbage-first heap   total 61440K, used 14015K [0x00000000c4400000, 0x0000000100000000)
  region size 1024K, 3 young (3072K), 3 survivors (3072K)
 Metaspace       used 16243K, committed 16448K, reserved 1114112K
  class space    used 1877K, committed 1984K, reserved 1048576K
}
Event: 11.760 GC heap before
{Heap before GC invocations=5 (full 0):
 garbage-first heap   total 61440K, used 47807K [0x00000000c4400000, 0x0000000100000000)
  region size 1024K, 36 young (36864K), 3 survivors (3072K)
 Metaspace       used 16708K, committed 16960K, reserved 1114112K
  class space    used 1895K, committed 1984K, reserved 1048576K
}
Event: 11.773 GC heap after
{Heap after GC invocations=6 (full 0):
 garbage-first heap   total 61440K, used 15037K [0x00000000c4400000, 0x0000000100000000)
  region size 1024K, 4 young (4096K), 4 survivors (4096K)
 Metaspace       used 16708K, committed 16960K, reserved 1114112K
  class space    used 1895K, committed 1984K, reserved 1048576K
}
Event: 12.536 GC heap before
{Heap before GC invocations=6 (full 0):
 garbage-first heap   total 61440K, used 29373K [0x00000000c4400000, 0x0000000100000000)
  region size 1024K, 11 young (11264K), 4 survivors (4096K)
 Metaspace       used 17671K, committed 18048K, reserved 1114112K
  class space    used 2012K, committed 2176K, reserved 1048576K
}
Event: 12.558 GC heap after
{Heap after GC invocations=7 (full 0):
 garbage-first heap   total 61440K, used 23751K [0x00000000c4400000, 0x0000000100000000)
  region size 1024K, 3 young (3072K), 3 survivors (3072K)
 Metaspace       used 17671K, committed 18048K, reserved 1114112K
  class space    used 2012K, committed 2176K, reserved 1048576K
}
Event: 12.560 GC heap before
{Heap before GC invocations=7 (full 0):
 garbage-first heap   total 61440K, used 36039K [0x00000000c4400000, 0x0000000100000000)
  region size 1024K, 4 young (4096K), 3 survivors (3072K)
 Metaspace       used 17671K, committed 18048K, reserved 1114112K
  class space    used 2012K, committed 2176K, reserved 1048576K
}
Event: 12.570 GC heap after
{Heap after GC invocations=8 (full 0):
 garbage-first heap   total 61440K, used 36146K [0x00000000c4400000, 0x0000000100000000)
  region size 1024K, 1 young (1024K), 1 survivors (1024K)
 Metaspace       used 17671K, committed 18048K, reserved 1114112K
  class space    used 2012K, committed 2176K, reserved 1048576K
}
Event: 14.577 GC heap before
{Heap before GC invocations=9 (full 0):
 garbage-first heap   total 83968K, used 66866K [0x00000000c4400000, 0x0000000100000000)
  region size 1024K, 19 young (19456K), 1 survivors (1024K)
 Metaspace       used 20193K, committed 20544K, reserved 1114112K
  class space    used 2293K, committed 2432K, reserved 1048576K
}
Event: 14.587 GC heap after
{Heap after GC invocations=10 (full 0):
 garbage-first heap   total 83968K, used 17844K [0x00000000c4400000, 0x0000000100000000)
  region size 1024K, 3 young (3072K), 3 survivors (3072K)
 Metaspace       used 20193K, committed 20544K, reserved 1114112K
  class space    used 2293K, committed 2432K, reserved 1048576K
}
Event: 17.597 GC heap before
{Heap before GC invocations=10 (full 0):
 garbage-first heap   total 83968K, used 72116K [0x00000000c4400000, 0x0000000100000000)
  region size 1024K, 49 young (50176K), 3 survivors (3072K)
 Metaspace       used 26284K, committed 26624K, reserved 1114112K
  class space    used 2982K, committed 3136K, reserved 1048576K
}
Event: 17.647 GC heap after
{Heap after GC invocations=11 (full 0):
 garbage-first heap   total 95232K, used 42496K [0x00000000c4400000, 0x0000000100000000)
  region size 1024K, 7 young (7168K), 7 survivors (7168K)
 Metaspace       used 26284K, committed 26624K, reserved 1114112K
  class space    used 2982K, committed 3136K, reserved 1048576K
}
Event: 22.611 GC heap before
{Heap before GC invocations=11 (full 0):
 garbage-first heap   total 95232K, used 75264K [0x00000000c4400000, 0x0000000100000000)
  region size 1024K, 40 young (40960K), 7 survivors (7168K)
 Metaspace       used 28213K, committed 28544K, reserved 1114112K
  class space    used 3188K, committed 3328K, reserved 1048576K
}
Event: 22.638 GC heap after
{Heap after GC invocations=12 (full 0):
 garbage-first heap   total 95232K, used 46399K [0x00000000c4400000, 0x0000000100000000)
  region size 1024K, 4 young (4096K), 4 survivors (4096K)
 Metaspace       used 28213K, committed 28544K, reserved 1114112K
  class space    used 3188K, committed 3328K, reserved 1048576K
}
Event: 23.667 GC heap before
{Heap before GC invocations=12 (full 0):
 garbage-first heap   total 95232K, used 77119K [0x00000000c4400000, 0x0000000100000000)
  region size 1024K, 35 young (35840K), 4 survivors (4096K)
 Metaspace       used 29664K, committed 30080K, reserved 1114112K
  class space    used 3360K, committed 3584K, reserved 1048576K
}
Event: 23.682 GC heap after
{Heap after GC invocations=13 (full 0):
 garbage-first heap   total 95232K, used 47954K [0x00000000c4400000, 0x0000000100000000)
  region size 1024K, 2 young (2048K), 2 survivors (2048K)
 Metaspace       used 29664K, committed 30080K, reserved 1114112K
  class space    used 3360K, committed 3584K, reserved 1048576K
}

