# JRE version: Java(TM) SE Runtime Environment (21.0.1+12) (build 21.0.1+12-LTS-29)
# Java VM: Java HotSpot(TM) 64-Bit Server VM (21.0.1+12-LTS-29, mixed mode, sharing, tiered, compressed oops, compressed class ptrs, g1 gc, windows-amd64)
GC Precious Log:
 CardTable entry size: 512
 Card Set container configuration: InlinePtr #cards 5 size 8 Array Of Cards #cards 12 size 40 Howl #buckets 4 coarsen threshold 1843 Howl Bitmap #cards 512 size 80 coarsen threshold 460 Card regions per heap region 1 cards per card region 2048
 CPUs: 4 total, 4 available
 Memory: 3819M
 Large Page Support: Disabled
 NUMA Support: Disabled
 Compressed Oops: Enabled (32-bit)
 Heap Region Size: 1M
 Heap Min Capacity: 8M
 Heap Initial Capacity: 60M
 Heap Max Capacity: 956M
 Pre-touch: Disabled
 Parallel Workers: 4
 Concurrent Workers: 1
 Concurrent Refinement Workers: 4
 Periodic GC: Disabled
Heap:
 garbage-first heap   total 64512K, used 55760K [0x00000000c4400000, 0x0000000100000000)
  region size 1024K, 31 young (31744K), 4 survivors (4096K)
 Metaspace       used 26234K, committed 26560K, reserved 1114112K
  class space    used 2974K, committed 3136K, reserved 1048576K
GC Heap History (19 events):
Event: 0.953 GC heap before
{Heap before GC invocations=0 (full 0):
 garbage-first heap   total 61440K, used 13312K [0x00000000c4400000, 0x0000000100000000)
  region size 1024K, 13 young (13312K), 0 survivors (0K)
 Metaspace       used 3738K, committed 3968K, reserved 1114112K
  class space    used 388K, committed 512K, reserved 1048576K
}
Event: 0.962 GC heap after
{Heap after GC invocations=1 (full 0):
 garbage-first heap   total 61440K, used 3219K [0x00000000c4400000, 0x0000000100000000)
  region size 1024K, 2 young (2048K), 2 survivors (2048K)
 Metaspace       used 3738K, committed 3968K, reserved 1114112K
  class space    used 388K, committed 512K, reserved 1048576K
}
Event: 2.398 GC heap before
{Heap before GC invocations=1 (full 0):
 garbage-first heap   total 61440K, used 18579K [0x00000000c4400000, 0x0000000100000000)
  region size 1024K, 18 young (18432K), 2 survivors (2048K)
 Metaspace       used 6412K, committed 6592K, reserved 1114112K
  class space    used 750K, committed 832K, reserved 1048576K
}
Event: 2.420 GC heap after
{Heap after GC invocations=2 (full 0):
 garbage-first heap   total 61440K, used 4310K [0x00000000c4400000, 0x0000000100000000)
  region size 1024K, 1 young (1024K), 1 survivors (1024K)
 Metaspace       used 6412K, committed 6592K, reserved 1114112K
  class space    used 750K, committed 832K, reserved 1048576K
}
Event: 3.875 GC heap before
{Heap before GC invocations=2 (full 0):
 garbage-first heap   total 61440K, used 39126K [0x00000000c4400000, 0x0000000100000000)
  region size 1024K, 36 young (36864K), 1 survivors (1024K)
 Metaspace       used 12545K, committed 12736K, reserved 1114112K
  class space    used 1524K, committed 1600K, reserved 1048576K
}
Event: 3.885 GC heap after
{Heap after GC invocations=3 (full 0):
 garbage-first heap   total 61440K, used 6560K [0x00000000c4400000, 0x0000000100000000)
  region size 1024K, 4 young (4096K), 4 survivors (4096K)
 Metaspace       used 12545K, committed 12736K, reserved 1114112K
  class space    used 1524K, committed 1600K, reserved 1048576K
}
Event: 5.741 GC heap before
{Heap before GC invocations=3 (full 0):
 garbage-first heap   total 61440K, used 39328K [0x00000000c4400000, 0x0000000100000000)
  region size 1024K, 36 young (36864K), 4 survivors (4096K)
 Metaspace       used 15789K, committed 16000K, reserved 1114112K
  class space    used 1853K, committed 1920K, reserved 1048576K
}
Event: 5.758 GC heap after
{Heap after GC invocations=4 (full 0):
 garbage-first heap   total 61440K, used 11216K [0x00000000c4400000, 0x0000000100000000)
  region size 1024K, 5 young (5120K), 5 survivors (5120K)
 Metaspace       used 15789K, committed 16000K, reserved 1114112K
  class space    used 1853K, committed 1920K, reserved 1048576K
}
Event: 13.212 GC heap before
{Heap before GC invocations=4 (full 0):
 garbage-first heap   total 61440K, used 42960K [0x00000000c4400000, 0x0000000100000000)
  region size 1024K, 36 young (36864K), 5 survivors (5120K)
 Metaspace       used 16218K, committed 16512K, reserved 1114112K
  class space    used 1875K, committed 1984K, reserved 1048576K
}
Event: 13.226 GC heap after
{Heap after GC invocations=5 (full 0):
 garbage-first heap   total 61440K, used 13795K [0x00000000c4400000, 0x0000000100000000)
  region size 1024K, 3 young (3072K), 3 survivors (3072K)
 Metaspace       used 16218K, committed 16512K, reserved 1114112K
  class space    used 1875K, committed 1984K, reserved 1048576K
}
Event: 16.025 GC heap before
{Heap before GC invocations=5 (full 0):
 garbage-first heap   total 61440K, used 47587K [0x00000000c4400000, 0x0000000100000000)
  region size 1024K, 36 young (36864K), 3 survivors (3072K)
 Metaspace       used 16900K, committed 17088K, reserved 1114112K
  class space    used 1914K, committed 1984K, reserved 1048576K
}
Event: 16.040 GC heap after
{Heap after GC invocations=6 (full 0):
 garbage-first heap   total 61440K, used 14574K [0x00000000c4400000, 0x0000000100000000)
  region size 1024K, 4 young (4096K), 4 survivors (4096K)
 Metaspace       used 16900K, committed 17088K, reserved 1114112K
  class space    used 1914K, committed 1984K, reserved 1048576K
}
Event: 17.325 GC heap before
{Heap before GC invocations=6 (full 0):
 garbage-first heap   total 61440K, used 25838K [0x00000000c4400000, 0x0000000100000000)
  region size 1024K, 8 young (8192K), 4 survivors (4096K)
 Metaspace       used 17669K, committed 17984K, reserved 1114112K
  class space    used 2008K, committed 2176K, reserved 1048576K
}
Event: 17.376 GC heap after
{Heap after GC invocations=7 (full 0):
 garbage-first heap   total 61440K, used 23435K [0x00000000c4400000, 0x0000000100000000)
  region size 1024K, 3 young (3072K), 3 survivors (3072K)
 Metaspace       used 17669K, committed 17984K, reserved 1114112K
  class space    used 2008K, committed 2176K, reserved 1048576K
}
Event: 19.259 GC heap before
{Heap before GC invocations=7 (full 0):
 garbage-first heap   total 61440K, used 60299K [0x00000000c4400000, 0x0000000100000000)
  region size 1024K, 15 young (15360K), 3 survivors (3072K)
 Metaspace       used 18462K, committed 18752K, reserved 1114112K
  class space    used 2068K, committed 2240K, reserved 1048576K
}
Event: 19.277 GC heap after
{Heap after GC invocations=8 (full 0):
 garbage-first heap   total 64512K, used 15829K [0x00000000c4400000, 0x0000000100000000)
  region size 1024K, 2 young (2048K), 2 survivors (2048K)
 Metaspace       used 18462K, committed 18752K, reserved 1114112K
  class space    used 2068K, committed 2240K, reserved 1048576K
}
Event: 21.541 GC heap before
{Heap before GC invocations=8 (full 0):
 garbage-first heap   total 64512K, used 40405K [0x00000000c4400000, 0x0000000100000000)
  region size 1024K, 21 young (21504K), 2 survivors (2048K)
 Metaspace       used 21223K, committed 21504K, reserved 1114112K
  class space    used 2441K, committed 2560K, reserved 1048576K
}
Event: 21.561 GC heap after
{Heap after GC invocations=9 (full 0):
 garbage-first heap   total 64512K, used 26064K [0x00000000c4400000, 0x0000000100000000)
  region size 1024K, 5 young (5120K), 5 survivors (5120K)
 Metaspace       used 21223K, committed 21504K, reserved 1114112K
  class space    used 2441K, committed 2560K, reserved 1048576K
}
Event: 24.655 GC heap before
{Heap before GC invocations=10 (full 0):
 garbage-first heap   total 64512K, used 54736K [0x00000000c4400000, 0x0000000100000000)
  region size 1024K, 32 young (32768K), 5 survivors (5120K)
 Metaspace       used 26234K, committed 26560K, reserved 1114112K
  class space    used 2974K, committed 3136K, reserved 1048576K
}

